app/build/outputs/mapping/release/seeds.txt
com.snaptikpro.app.utils.DownloadManager$downloadFile$1$1
com.snaptikpro.app.security.SecurityManager$createTrustManager$1
com.snaptikpro.app.SplashActivity
com.snaptikpro.app.security.SecurityManager$Companion
com.snaptikpro.app.DownloadsActivity
com.snaptikpro.app.security.SecurityManager
com.snaptikpro.app.utils.DownloadManager$downloadFile$1$5
com.snaptikpro.app.network.TikWMResponse
com.snaptikpro.app.utils.DownloadManager$downloadFile$1$7
com.snaptikpro.app.network.TikWMData
com.snaptikpro.app.VideoPlayerActivity
com.snaptikpro.app.utils.DownloadManager$DownloadCallback
com.snaptikpro.app.network.DownloadResponse
com.snaptikpro.app.network.MusicInfo
com.snaptikpro.app.network.ApiService
com.snaptikpro.app.utils.DownloadManager$downloadFile$1$6
com.snaptikpro.app.security.AntiTampering
com.snaptikpro.app.SettingsActivity
com.snaptikpro.app.security.SecurePreferences
com.snaptikpro.app.utils.DownloadManager
com.snaptikpro.app.security.AntiTampering$Companion
com.snaptikpro.app.utils.DownloadManager$downloadFile$1
com.snaptikpro.app.utils.DownloadManager$downloadFile$1$4
com.snaptikpro.app.utils.DownloadManager$downloadFile$1$2
com.snaptikpro.app.network.Author
com.snaptikpro.app.MainActivity
com.snaptikpro.app.DownloadsActivity: java.util.List downloads
com.snaptikpro.app.network.TikWMData: java.lang.Long collect_count
com.snaptikpro.app.network.TikWMData: java.lang.Long wm_size
com.snaptikpro.app.network.DownloadResponse: java.lang.String message
com.snaptikpro.app.network.TikWMData: java.lang.Long play_count
com.snaptikpro.app.network.MusicInfo: java.lang.String cover
com.snaptikpro.app.security.SecurePreferences: android.content.SharedPreferences regularPrefs
com.snaptikpro.app.network.TikWMData: java.lang.Long comment_count
com.snaptikpro.app.utils.DownloadManager$downloadFile$1: int label
com.snaptikpro.app.network.MusicInfo: java.lang.Boolean original
com.snaptikpro.app.network.MusicInfo: java.lang.String title
com.snaptikpro.app.network.Author: java.lang.String nickname
com.snaptikpro.app.MainActivity: java.lang.String KEY_LAST_LINK
com.snaptikpro.app.utils.DownloadManager$downloadFile$1$4: int label
com.snaptikpro.app.network.TikWMResponse: com.snaptikpro.app.network.TikWMData data
com.snaptikpro.app.MainActivity: java.lang.String selectedPlatform
com.snaptikpro.app.utils.DownloadManager$downloadFile$1$1: com.snaptikpro.app.utils.DownloadManager$DownloadCallback $callback
com.snaptikpro.app.network.Author: java.lang.String unique_id
com.snaptikpro.app.utils.DownloadManager$downloadFile$1: java.lang.Object L$1
com.snaptikpro.app.network.TikWMData: java.lang.Long digg_count
com.snaptikpro.app.network.TikWMResponse: double processed_time
com.snaptikpro.app.network.Author: java.lang.String avatar
com.snaptikpro.app.network.TikWMResponse: int code
com.snaptikpro.app.utils.DownloadManager$downloadFile$1$1: int label
com.snaptikpro.app.network.MusicInfo: java.lang.Integer duration
com.snaptikpro.app.utils.DownloadManager$downloadFile$1$5: int label
com.snaptikpro.app.utils.DownloadManager$downloadFile$1$6: java.io.IOException $e
com.snaptikpro.app.DownloadsActivity: com.snaptikpro.app.databinding.ActivityDownloadsBinding binding
com.snaptikpro.app.utils.DownloadManager$downloadFile$1: com.snaptikpro.app.utils.DownloadManager this$0
com.snaptikpro.app.utils.DownloadManager: android.content.Context context
com.snaptikpro.app.VideoPlayerActivity: androidx.media3.exoplayer.ExoPlayer player
com.snaptikpro.app.network.Author: java.lang.String id
com.snaptikpro.app.security.SecurityManager: java.lang.String[] VALID_HOSTNAMES
com.snaptikpro.app.network.TikWMData: java.lang.String play
com.snaptikpro.app.network.TikWMData: java.lang.Long download_count
com.snaptikpro.app.network.DownloadResponse: java.lang.String thumbnail
com.snaptikpro.app.security.AntiTampering: android.content.Context context
com.snaptikpro.app.utils.DownloadManager$downloadFile$1$6: int label
com.snaptikpro.app.network.DownloadResponse: boolean success
...
androidx.media3.extractor.Ac3Util$SyncFrameInfo: int STREAM_TYPE_UNDEFINED
com.airbnb.lottie.R$drawable: int abc_scrubber_track_mtrl_alpha
androidx.media3.extractor.mp4.Mp4Extractor: androidx.media3.common.util.ParsableByteArray atomHeader
androidx.media3.extractor.metadata.emsg.EventMessageEncoder: java.io.ByteArrayOutputStream byteArrayOutputStream
androidx.media3.extractor.wav.WavFormat: int averageBytesPerSecond
androidx.media3.common.C: int VIDEO_OUTPUT_MODE_NONE
com.airbnb.lottie.R$dimen: int abc_panel_menu_list_width
androidx.media3.exoplayer.video.DecoderVideoRenderer: int maxDroppedFramesToNotify
okhttp3.CacheControl: okhttp3.CacheControl FORCE_NETWORK
androidx.media3.exoplayer.ExoPlayerImplInternal: androidx.media3.exoplayer.ExoPlayerImplInternal$PlaybackInfoUpdateListener playbackInfoUpdateListener
androidx.media3.exoplayer.audio.AudioTrackPositionTracker: android.media.AudioTrack audioTrack
androidx.media3.ui.BuildConfig: java.lang.String LIBRARY_PACKAGE_NAME
androidx.media3.extractor.metadata.id3.GeobFrame: java.lang.String description
com.airbnb.lottie.animation.content.RectangleContent: java.lang.String name
androidx.media3.exoplayer.upstream.CmcdData$Factory: androidx.media3.exoplayer.upstream.CmcdConfiguration cmcdConfiguration
com.airbnb.lottie.R$styleable: int AppCompatTheme_alertDialogCenterButtons
com.airbnb.lottie.R$style: int TextAppearance_AppCompat_Widget_PopupMenu_Small
androidx.media3.extractor.ts.TsExtractor: long AC4_FORMAT_IDENTIFIER
androidx.media3.exoplayer.video.VideoFrameReleaseHelper: java.lang.String TAG
com.airbnb.lottie.R$styleable: int SwitchCompat_android_textOff
androidx.media3.ui.SubtitlePainter: int backgroundColor
androidx.media3.exoplayer.R$id: int tag_accessibility_heading
com.google.gson.stream.JsonReader: java.lang.String peekedString
com.airbnb.lottie.animation.content.RectangleContent: boolean isPathValid
androidx.media3.common.MediaItem$Builder: androidx.media3.common.MediaItem$DrmConfiguration$Builder drmConfiguration
androidx.media3.extractor.ogg.StreamReader$SetupData: androidx.media3.common.Format format
androidx.media3.common.audio.SonicAudioProcessor: androidx.media3.common.audio.AudioProcessor$AudioFormat inputAudioFormat
androidx.media3.common.util.GlUtil: int EGL_GL_COLORSPACE_KHR
androidx.media3.exoplayer.RendererConfiguration: androidx.media3.exoplayer.RendererConfiguration DEFAULT
okhttp3.OkHttpClient$Builder: java.net.Proxy proxy
okhttp3.internal.http2.ErrorCode: okhttp3.internal.http2.ErrorCode CANCEL
androidx.media3.extractor.metadata.id3.UrlLinkFrame: android.os.Parcelable$Creator CREATOR
androidx.media3.datasource.cache.CachedContentIndex$LegacyStorage: androidx.media3.common.util.AtomicFile atomicFile
okhttp3.internal.ws.MessageInflater: java.util.zip.Inflater inflater
retrofit2.Retrofit$1: java.lang.Object[] emptyArgs
androidx.media3.common.Timeline$Period: java.lang.Object uid
androidx.media3.extractor.text.ttml.TtmlRegion: float line
androidx.media3.extractor.ts.H264Reader$SampleReader: androidx.media3.extractor.TrackOutput output
okhttp3.internal.http2.Header: java.lang.String TARGET_AUTHORITY_UTF8
com.google.gson.internal.ConstructorConstructor$6: com.google.gson.internal.ConstructorConstructor this$0
androidx.media3.ui.R$attr: int stackFromEnd
com.airbnb.lottie.R$styleable: int AppCompatTextView_lastBaselineToBottomHeight
com.airbnb.lottie.parser.moshi.LinkedHashTreeMap$AvlBuilder: com.airbnb.lottie.parser.moshi.LinkedHashTreeMap$Node stack
androidx.media3.ui.R$color: int exo_white
androidx.media3.extractor.text.ttml.TtmlParser: java.util.regex.Pattern CELL_RESOLUTION
androidx.media3.exoplayer.mediacodec.MediaCodecUtil: java.util.regex.Pattern PROFILE_PATTERN
androidx.media3.common.Format: long subsampleOffsetUs
androidx.media3.common.MediaItem$LocalConfiguration: java.util.List streamKeys
com.airbnb.lottie.R$id: int accessibility_custom_action_9
androidx.media3.exoplayer.R$styleable: int FontFamily_fontProviderFetchStrategy