app/build/outputs/mapping/release/usage.txt
com.snaptikpro.app.DownloadRecord:
    public final java.lang.String component1()
    public final java.lang.String component2()
    public final long component3()
    public final java.lang.String component4()
    public final com.snaptikpro.app.DownloadRecord copy(java.lang.String,java.lang.String,long,java.lang.String)
    public static synthetic com.snaptikpro.app.DownloadRecord copy$default(com.snaptikpro.app.DownloadRecord,java.lang.String,java.lang.String,long,java.lang.String,int,java.lang.Object)
    public final java.lang.String getDate()
    public final java.lang.String getPath()
    public final long getSize()
    public final java.lang.String getTitle()
com.snaptikpro.app.DownloadsActivity$DownloadItem:
    public final java.lang.String component1()
    public final java.lang.String component2()
    public final long component3()
    public final java.lang.String component4()
    public final com.snaptikpro.app.DownloadsActivity$DownloadItem copy(java.lang.String,java.lang.String,long,java.lang.String)
    public static synthetic com.snaptikpro.app.DownloadsActivity$DownloadItem copy$default(com.snaptikpro.app.DownloadsActivity$DownloadItem,java.lang.String,java.lang.String,long,java.lang.String,int,java.lang.Object)
com.snaptikpro.app.R$color:
    public static int accent
    public static int accent_dark
    public static int accent_light
    public static int background
    public static int black
    public static int card_background
    public static int divider
    public static int error
    public static int info
    public static int primary
    public static int primary_dark
    public static int primary_light
    public static int ripple
    public static int success
    public static int surface
    public static int surface_light
    public static int text_hint
    public static int transparent
    public static int warning
    public static int white
    private void <init>()
com.snaptikpro.app.R$drawable:
    public static int button_background
    public static int gradient_header
    public static int ic_back
    public static int ic_coupon
    public static int ic_delete
    public static int ic_download
    public static int ic_google
    public static int ic_help
    public static int ic_launcher_foreground
    public static int ic_logo
    public static int ic_menu
    public static int ic_orders
    public static int ic_play
    public static int ic_privacy
    public static int ic_settings
    public static int ic_share
    public static int ic_support
    public static int ic_user
    public static int ic_wallet
    public static int input_background
    public static int splash_background
    private void <init>()
com.snaptikpro.app.R$id:
    private void <init>()
com.snaptikpro.app.R$layout:
    private void <init>()
com.snaptikpro.app.R$mipmap
com.snaptikpro.app.R$raw
com.snaptikpro.app.R$string:
    public static int about
    public static int app_name
    public static int clear_all
    public static int developer
    public static int download
    public static int downloads
    public static int facebook
    public static int help
    public static int help_coming_soon
    public static int how_to_use_description
    public static int how_to_use_title
    public static int instagram
    public static int link_pasted
    public static int no_clipboard_text
    public static int no_downloads
    public static int paste
    public static int settings
    public static int settings_coming_soon
    public static int tiktok
    public static int twitter
    public static int version
    public static int video_already_exists_message
    private void <init>()
com.snaptikpro.app.R$style
com.snaptikpro.app.R$xml
com.snaptikpro.app.R
com.snaptikpro.app.databinding.ActivityDownloadsBinding:
    public synthetic bridge android.view.View getRoot()
com.snaptikpro.app.databinding.ActivityMainBinding:
    public synthetic bridge android.view.View getRoot()
...
kotlin.Pair:
    public static java.lang.Object component1()
    public static java.lang.Object component2()
    public static java.lang.Object getFirst()
    public static java.lang.Object getSecond()
kotlin.Result$Companion
kotlin.Result:
    public static final androidx.transition.ViewUtilsBase Companion
    static void <clinit>()
kotlin.ResultKt
kotlin.SynchronizedLazyImpl:
    public static boolean isInitialized()
kotlin.TuplesKt:
    public static java.util.List asMutableList(java.lang.Object)
    public static long coerceAtMost(long,long)
    public static int compareValues(java.lang.Comparable,java.lang.Comparable)
    public static final int differenceModulo(int,int,int)
    public static final long differenceModulo(long,long,long)
    public static kotlin.ranges.IntProgression downTo(int,int)
    public static java.util.List emptyList()
    public static java.util.Set emptySet()
    public static final int fastLog2(int)
    public static java.lang.Object fold(kotlin.coroutines.CoroutineContext$Element,java.lang.Object,kotlin.jvm.functions.Function2)
    public static java.lang.Object getCOROUTINE_SUSPENDED()
    public static int getLastIndex(java.util.List)
    public static final boolean isWhitespace(char)
    public static final androidx.core.view.ViewGroupKt$iterator$1 iterator(java.lang.Object[])
    public static varargs java.util.ArrayList listOfNotNull(java.lang.Object[])
    public static final int mod(int,int)
    public static final long mod(long,long)
    public abstract long nanoTime()
    public static java.util.Comparator naturalOrder()
    public abstract void parkNanos()
    public abstract void registerTimeLoopThread()
    public static androidx.core.view.ViewGroupKt$children$1 sequence(kotlin.jvm.functions.Function2)
    public static final java.util.Set setOf(java.lang.Object)
    public static void throwIndexOverflow()
    public abstract void trackTask()
kotlin.collections.AbstractCollection$toString$1:
    public static java.lang.CharSequence invoke()
    public final java.lang.String invoke()
    public static java.lang.String invoke$1()
kotlin.collections.AbstractList$Companion
kotlin.collections.AbstractList$IteratorImpl
kotlin.collections.AbstractList:
    public static final androidx.transition.ViewUtilsBase Companion
    static void <clinit>()
kotlin.collections.ArrayAsCollection:
    public final int getSize()
kotlin.collections.ArraysKt
kotlin.collections.ArraysKt__ArraysJVMKt
kotlin.collections.ArraysKt__ArraysKt
kotlin.collections.ArraysKt___ArraysJvmKt
kotlin.collections.ArraysKt___ArraysKt:
    public static synthetic void copyInto$default(byte[],byte[],int,int)
    public static void fill(java.lang.Object[],java.lang.Object,int,int)
    public static void fill$default(java.lang.Object[])
    public static java.util.ArrayList filterNotNull(java.lang.Object[])
    public static kotlin.ranges.IntRange getIndices(java.lang.Object[])
    public static int getLastIndex(java.lang.Object[])
    public static java.util.ArrayList toMutableList(java.lang.Object[])
kotlin.collections.ArraysUtilJVM
kotlin.collections.CollectionsKt
kotlin.collections.CollectionsKt__CollectionsJVMKt
kotlin.collections.CollectionsKt__CollectionsKt
kotlin.collections.CollectionsKt__IterablesKt
kotlin.collections.CollectionsKt__IteratorsKt
kotlin.collections.CollectionsKt__MutableCollectionsKt
kotlin.collections.CollectionsKt___CollectionsJvmKt
kotlin.collections.CollectionsKt___CollectionsKt$asSequence$$inlined$Sequence$1
kotlin.collections.CollectionsKt___CollectionsKt:
    public static java.lang.Object first(java.util.List)
    public static java.util.ArrayList plus(java.io.IOException,java.util.Collection)
    public static java.util.ArrayList toMutableList(java.util.Collection)
    public static java.util.Set toMutableSet(java.util.Collection)
kotlin.collections.EmptyIterator:
    public static java.lang.Void next()
    public static java.lang.Void previous()